app/build/outputs/logs/manifest-merger-debug-report.txt
-- Merging decision tree log ---
manifest
ADDED from src\main\AndroidManifest.xml:13:1-2223:12
INJECTED from src\main\AndroidManifest.xml:13:1-2223:12
MERGED from [com.android.support:multidex:1.0.2] AndroidManifest.xml:17:1-22:12
MERGED from [:libraries:autofill] AndroidManifest.xml:2:1-11:12
MERGED from [:libraries:autofill_assistant] AndroidManifest.xml:2:1-11:12
MERGED from [:libraries:content] AndroidManifest.xml:2:1-11:12
MERGED from [:libraries:download] AndroidManifest.xml:2:1-11:12
MERGED from [:libraries:media] AndroidManifest.xml:2:1-11:12
MERGED from [:libraries:ui] AndroidManifest.xml:2:1-11:12
MERGED from [:libraries:customtabs] AndroidManifest.xml:2:1-11:12
MERGED from [com.android.support:mediarouter-v7:28.0.0] AndroidManifest.xml:17:1-22:12
MERGED from [com.android.support:design:28.0.0] AndroidManifest.xml:17:1-24:12
MERGED from [:libraries:feed] AndroidManifest.xml:2:1-11:12
MERGED from [:libraries:embedder_support] AndroidManifest.xml:2:1-11:12
MERGED from [com.android.support:appcompat-v7:28.0.0] AndroidManifest.xml:17:1-22:12
MERGED from [com.android.support:animated-vector-drawable:28.0.0] AndroidManifest.xml:17:1-22:12
MERGED from [com.android.support:support-vector-drawable:28.0.0] AndroidManifest.xml:17:1-22:12
MERGED from [com.android.support:support-v13:28.0.0] AndroidManifest.xml:17:1-22:12
MERGED from [com.android.support:support-v4:28.0.0] AndroidManifest.xml:17:1-22:12
MERGED from [com.android.support.constraint:constraint-layout:1.1.3] AndroidManifest.xml:2:1-11:12
MERGED from [com.android.support:recyclerview-v7:28.0.0] AndroidManifest.xml:17:1-22:12
MERGED from [com.android.support:cardview-v7:28.0.0] AndroidManifest.xml:17:1-22:12
MERGED from [com.android.support:support-media-compat:28.0.0] AndroidManifest.xml:17:1-22:12
MERGED from [com.android.support:gridlayout-v7:28.0.0] AndroidManifest.xml:17:1-22:12
MERGED from [com.android.support:palette-v7:28.0.0] AndroidManifest.xml:17:1-22:12
MERGED from [com.android.support:support-fragment:28.0.0] AndroidManifest.xml:17:1-22:12
MERGED from [com.android.support:support-core-ui:28.0.0] AndroidManifest.xml:17:1-22:12
MERGED from [com.android.support:support-core-utils:28.0.0] AndroidManifest.xml:17:1-22:12
MERGED from [com.android.support:transition:28.0.0] AndroidManifest.xml:17:1-22:12
MERGED from [com.android.support:viewpager:28.0.0] AndroidManifest.xml:17:1-22:12
MERGED from [com.android.support:coordinatorlayout:28.0.0] AndroidManifest.xml:17:1-22:12
MERGED from [com.android.support:drawerlayout:28.0.0] AndroidManifest.xml:17:1-22:12
MERGED from [com.android.support:slidingpanelayout:28.0.0] AndroidManifest.xml:17:1-22:12
MERGED from [com.android.support:customview:28.0.0] AndroidManifest.xml:17:1-22:12
MERGED from [com.android.support:swiperefreshlayout:28.0.0] AndroidManifest.xml:17:1-22:12
MERGED from [com.android.support:asynclayoutinflater:28.0.0] AndroidManifest.xml:17:1-22:12
MERGED from [com.android.support:loader:28.0.0] AndroidManifest.xml:17:1-22:12
MERGED from [com.android.support:support-compat:28.0.0] AndroidManifest.xml:17:1-24:12
MERGED from [com.android.support:versionedparcelable:28.0.0] AndroidManifest.xml:17:1-25:12
MERGED from [com.android.support:cursoradapter:28.0.0] AndroidManifest.xml:17:1-22:12
MERGED from [android.arch.lifecycle:runtime:1.1.1] AndroidManifest.xml:17:1-22:12
MERGED from [com.android.support:interpolator:28.0.0] AndroidManifest.xml:17:1-22:12
MERGED from [com.android.support:documentfile:28.0.0] AndroidManifest.xml:17:1-22:12
MERGED from [com.android.support:localbroadcastmanager:28.0.0] AndroidManifest.xml:17:1-22:12
MERGED from [com.android.support:print:28.0.0] AndroidManifest.xml:17:1-22:12
MERGED from [android.arch.lifecycle:viewmodel:1.1.1] AndroidManifest.xml:17:1-22:12
MERGED from [android.arch.lifecycle:livedata:1.1.1] AndroidManifest.xml:17:1-22:12
MERGED from [android.arch.lifecycle:livedata-core:1.1.1] AndroidManifest.xml:17:1-22:12
MERGED from [android.arch.core:runtime:1.1.1] AndroidManifest.xml:17:1-22:12
INJECTED from src\main\AndroidManifest.xml:13:1-2223:12
	package
		ADDED from src\main\AndroidManifest.xml:15:5-34
		INJECTED from src\main\AndroidManifest.xml
		INJECTED from src\main\AndroidManifest.xml
	xmlns:tools
		ADDED from src\main\AndroidManifest.xml:14:5-51
	xmlns:android
		ADDED from src\main\AndroidManifest.xml:13:11-69
	tools:ignore
		ADDED from src\main\AndroidManifest.xml:16:5-34
uses-feature#0x00020000
ADDED from src\main\AndroidManifest.xml:19:5-54
	android:glEsVersion
		ADDED from src\main\AndroidManifest.xml:19:19-51
uses-permission#android.permission.ACCESS_COARSE_LOCATION
ADDED from src\main\AndroidManifest.xml:21:5-80
	android:name
		ADDED from src\main\AndroidManifest.xml:21:22-78
uses-permission#android.permission.ACCESS_FINE_LOCATION
ADDED from src\main\AndroidManifest.xml:22:5-78
	android:name
		ADDED from src\main\AndroidManifest.xml:22:22-76
uses-permission-sdk-23#android.permission.ACCESS_WIFI_STATE
ADDED from src\main\AndroidManifest.xml:23:5-83
	android:name
		ADDED from src\main\AndroidManifest.xml:23:29-80
uses-permission#android.permission.ACCESS_NETWORK_STATE
ADDED from src\main\AndroidManifest.xml:24:5-79
	android:name
		ADDED from src\main\AndroidManifest.xml:24:22-76
uses-permission#android.permission.REQUEST_INSTALL_PACKAGES
ADDED from src\main\AndroidManifest.xml:32:9-86
	android:name
		ADDED from src\main\AndroidManifest.xml:32:26-84
uses-permission-sdk-23#android.permission.BLUETOOTH
ADDED from src\main\AndroidManifest.xml:33:5-74
	android:name
		ADDED from src\main\AndroidManifest.xml:33:29-72
uses-permission-sdk-23#android.permission.BLUETOOTH_ADMIN
ADDED from src\main\AndroidManifest.xml:34:5-80
	android:name
		ADDED from src\main\AndroidManifest.xml:34:29-78
uses-permission-sdk-23#android.permission.READ_CONTACTS
ADDED from src\main\AndroidManifest.xml:35:5-78
	android:name
		ADDED from src\main\AndroidManifest.xml:35:29-76
uses-permission-sdk-23#android.permission.REORDER_TASKS
ADDED from src\main\AndroidManifest.xml:36:5-78
	android:name
		ADDED from src\main\AndroidManifest.xml:36:29-76
uses-permission-sdk-23#android.permission.REQUEST_INSTALL_PACKAGES
ADDED from src\main\AndroidManifest.xml:37:5-89
	android:name
		ADDED from src\main\AndroidManifest.xml:37:29-87
uses-permission#android.permission.CAMERA
ADDED from src\main\AndroidManifest.xml:39:5-65
	android:name
		ADDED from src\main\AndroidManifest.xml:39:22-62
uses-permission#android.permission.DOWNLOAD_WITHOUT_NOTIFICATION
ADDED from src\main\AndroidManifest.xml:40:5-88
	android:name
		ADDED from src\main\AndroidManifest.xml:40:22-85
uses-permission#android.permission.FOREGROUND_SERVICE
ADDED from src\main\AndroidManifest.xml:41:9-81
	android:name
		ADDED from src\main\AndroidManifest.xml:41:26-78
uses-permission#android.permission.GET_ACCOUNTS
ADDED from src\main\AndroidManifest.xml:42:5-70
	android:name
		ADDED from src\main\AndroidManifest.xml:42:22-68
uses-permission#android.permission.INTERNET
ADDED from src\main\AndroidManifest.xml:43:5-66
	android:name
		ADDED from src\main\AndroidManifest.xml:43:22-64
uses-permission#android.permission.MANAGE_ACCOUNTS
ADDED from src\main\AndroidManifest.xml:44:5-73
	android:name
		ADDED from src\main\AndroidManifest.xml:44:22-71
uses-permission#android.permission.MODIFY_AUDIO_SETTINGS
ADDED from src\main\AndroidManifest.xml:45:5-79
	android:name
		ADDED from src\main\AndroidManifest.xml:45:22-77
uses-permission#android.permission.NFC
ADDED from src\main\AndroidManifest.xml:46:5-61
	android:name
		ADDED from src\main\AndroidManifest.xml:46:22-59
uses-permission#android.permission.READ_EXTERNAL_STORAGE
ADDED from src\main\AndroidManifest.xml:47:5-79
	android:name
		ADDED from src\main\AndroidManifest.xml:47:22-77
uses-permission#android.permission.READ_SYNC_SETTINGS
ADDED from src\main\AndroidManifest.xml:48:5-76
	android:name
		ADDED from src\main\AndroidManifest.xml:48:22-74
uses-permission#android.permission.READ_SYNC_STATS
ADDED from src\main\AndroidManifest.xml:49:5-73
	android:name
		ADDED from src\main\AndroidManifest.xml:49:22-71
uses-permission#android.permission.RECEIVE_BOOT_COMPLETED
ADDED from src\main\AndroidManifest.xml:50:5-80
	android:name
		ADDED from src\main\AndroidManifest.xml:50:22-78
uses-permission#android.permission.RECORD_AUDIO
ADDED from src\main\AndroidManifest.xml:51:5-70
	android:name
		ADDED from src\main\AndroidManifest.xml:51:22-68
uses-permission#android.permission.USE_CREDENTIALS
ADDED from src\main\AndroidManifest.xml:52:5-73
	android:name
		ADDED from src\main\AndroidManifest.xml:52:22-71
uses-permission#android.permission.VIBRATE
ADDED from src\main\AndroidManifest.xml:53:5-65
	android:name
		ADDED from src\main\AndroidManifest.xml:53:22-63
uses-permission#android.permission.WAKE_LOCK
ADDED from src\main\AndroidManifest.xml:54:5-67
	android:name
		ADDED from src\main\AndroidManifest.xml:54:22-65
uses-permission#android.permission.WRITE_EXTERNAL_STORAGE
ADDED from src\main\AndroidManifest.xml:55:5-80
	android:name
		ADDED from src\main\AndroidManifest.xml:55:22-78
uses-permission#android.permission.WRITE_SYNC_SETTINGS
ADDED from src\main\AndroidManifest.xml:56:5-77
	android:name
		ADDED from src\main\AndroidManifest.xml:56:22-75
uses-feature#android.software.vr.mode
ADDED from src\main\AndroidManifest.xml:58:5-85
	android:required
		ADDED from src\main\AndroidManifest.xml:58:59-83
	android:name
		ADDED from src\main\AndroidManifest.xml:58:19-58
uses-feature#android.hardware.vr.high_performance
ADDED from src\main\AndroidManifest.xml:60:5-97
	android:required
		ADDED from src\main\AndroidManifest.xml:60:71-95
	android:name
		ADDED from src\main\AndroidManifest.xml:60:19-70
uses-feature#android.hardware.screen.landscape
ADDED from src\main\AndroidManifest.xml:66:5-94
	android:required
		ADDED from src\main\AndroidManifest.xml:66:68-92
	android:name
		ADDED from src\main\AndroidManifest.xml:66:19-67
uses-feature#android.hardware.vr.headtracking
ADDED from src\main\AndroidManifest.xml:68:5-113
	android:version
		ADDED from src\main\AndroidManifest.xml:68:67-86
	android:required
		ADDED from src\main\AndroidManifest.xml:68:87-111
	android:name
		ADDED from src\main\AndroidManifest.xml:68:19-66
permission#org.chromium.chrome.permission.CHILD_SERVICE
ADDED from src\main\AndroidManifest.xml:70:5-115
	android:protectionLevel
		ADDED from src\main\AndroidManifest.xml:70:77-112
	android:name
		ADDED from src\main\AndroidManifest.xml:70:17-76
permission#org.chromium.chrome.permission.READ_WRITE_BOOKMARK_FOLDERS
ADDED from src\main\AndroidManifest.xml:71:5-137
	android:protectionLevel
		ADDED from src\main\AndroidManifest.xml:71:91-134
	android:name
		ADDED from src\main\AndroidManifest.xml:71:17-90
permission#org.chromium.chrome.TOS_ACKED
ADDED from src\main\AndroidManifest.xml:72:5-108
	android:protectionLevel
		ADDED from src\main\AndroidManifest.xml:72:62-105
	android:name
		ADDED from src\main\AndroidManifest.xml:72:17-61
permission#org.chromium.chrome.permission.C2D_MESSAGE
ADDED from src\main\AndroidManifest.xml:74:5-75:47
	android:protectionLevel
		ADDED from src\main\AndroidManifest.xml:75:9-44
	android:name
		ADDED from src\main\AndroidManifest.xml:74:17-74
permission#org.chromium.chrome.permission.DEBUG
ADDED from src\main\AndroidManifest.xml:76:5-79:55
	android:label
		ADDED from src\main\AndroidManifest.xml:77:17-48
	android:protectionLevel
		ADDED from src\main\AndroidManifest.xml:79:17-52
	android:permissionGroup
		ADDED from src\main\AndroidManifest.xml:78:17-85
	android:name
		ADDED from src\main\AndroidManifest.xml:76:17-68
uses-permission#org.chromium.chrome.permission.C2D_MESSAGE
ADDED from src\main\AndroidManifest.xml:81:5-82
	android:name
		ADDED from src\main\AndroidManifest.xml:81:22-79
uses-permission#org.chromium.chrome.permission.READ_WRITE_BOOKMARK_FOLDERS
ADDED from src\main\AndroidManifest.xml:82:5-98
	android:name
		ADDED from src\main\AndroidManifest.xml:82:22-95
uses-permission#org.chromium.chrome.TOS_ACKED
ADDED from src\main\AndroidManifest.xml:83:5-69
	android:name
		ADDED from src\main\AndroidManifest.xml:83:22-66
uses-permission#com.chrome.permission.DEVICE_EXTRAS
ADDED from src\main\AndroidManifest.xml:85:5-75
	android:name
		ADDED from src\main\AndroidManifest.xml:85:22-72
uses-permission#com.android.browser.permission.READ_HISTORY_BOOKMARKS
ADDED from src\main\AndroidManifest.xml:86:5-92
	android:name
		ADDED from src\main\AndroidManifest.xml:86:22-90
uses-permission#com.android.browser.permission.WRITE_HISTORY_BOOKMARKS
ADDED from src\main\AndroidManifest.xml:87:5-93
	android:name
		ADDED from src\main\AndroidManifest.xml:87:22-91
uses-permission#com.google.android.c2dm.permission.RECEIVE
ADDED from src\main\AndroidManifest.xml:88:5-82
	android:name
		ADDED from src\main\AndroidManifest.xml:88:22-79
uses-permission#com.android.launcher.permission.INSTALL_SHORTCUT
ADDED from src\main\AndroidManifest.xml:89:5-87
	android:name
		ADDED from src\main\AndroidManifest.xml:89:22-85
uses-permission#com.google.android.apps.now.CURRENT_ACCOUNT_ACCESS
ADDED from src\main\AndroidManifest.xml:91:5-90
	android:name
		ADDED from src\main\AndroidManifest.xml:91:22-87
uses-feature#android.hardware.location.gps
ADDED from src\main\AndroidManifest.xml:95:5-91
	android:required
		ADDED from src\main\AndroidManifest.xml:95:64-88
	android:name
		ADDED from src\main\AndroidManifest.xml:95:19-63
uses-feature#android.hardware.camera
ADDED from src\main\AndroidManifest.xml:96:5-85
	android:required
		ADDED from src\main\AndroidManifest.xml:96:58-82
	android:name
		ADDED from src\main\AndroidManifest.xml:96:19-57
uses-feature#android.hardware.microphone
ADDED from src\main\AndroidManifest.xml:102:5-89
	android:required
		ADDED from src\main\AndroidManifest.xml:102:62-86
	android:name
		ADDED from src\main\AndroidManifest.xml:102:19-61
uses-feature#android.hardware.touchscreen
ADDED from src\main\AndroidManifest.xml:107:5-90
	android:required
		ADDED from src\main\AndroidManifest.xml:107:63-87
	android:name
		ADDED from src\main\AndroidManifest.xml:107:19-62
application
ADDED from src\main\AndroidManifest.xml:112:5-2222:19
MERGED from [com.android.support:design:28.0.0] AndroidManifest.xml:22:5-20
MERGED from [com.android.support:design:28.0.0] AndroidManifest.xml:22:5-20
MERGED from [com.android.support.constraint:constraint-layout:1.1.3] AndroidManifest.xml:9:5-20
MERGED from [com.android.support.constraint:constraint-layout:1.1.3] AndroidManifest.xml:9:5-20
MERGED from [com.android.support:support-compat:28.0.0] AndroidManifest.xml:22:5-94
MERGED from [com.android.support:support-compat:28.0.0] AndroidManifest.xml:22:5-94
MERGED from [com.android.support:versionedparcelable:28.0.0] AndroidManifest.xml:22:5-23:19
MERGED from [com.android.support:versionedparcelable:28.0.0] AndroidManifest.xml:22:5-23:19
	android:appComponentFactory
		ADDED from [com.android.support:support-compat:28.0.0] AndroidManifest.xml:22:18-91
	android:supportsRtl
		ADDED from src\main\AndroidManifest.xml:117:9-35
	android:label
		ADDED from src\main\AndroidManifest.xml:115:9-41
	android:roundIcon
		ADDED from src\main\AndroidManifest.xml:114:9-56
	android:largeHeap
		ADDED from src\main\AndroidManifest.xml:116:9-34
	android:icon
		ADDED from src\main\AndroidManifest.xml:113:9-45
	android:allowBackup
		ADDED from src\main\AndroidManifest.xml:118:9-36
	android:networkSecurityConfig
		ADDED from src\main\AndroidManifest.xml:119:9-69
	android:name
		ADDED from src\main\AndroidManifest.xml:112:18-78
meta-data#com.google.android.gms.version
ADDED from src\main\AndroidManifest.xml:121:9-122
	android:value
		ADDED from src\main\AndroidManifest.xml:121:66-119
	android:name
		ADDED from src\main\AndroidManifest.xml:121:20-65
meta-data#com.samsung.android.sdk.multiwindow.enable
ADDED from src\main\AndroidManifest.xml:124:9-125:36
	android:value
		ADDED from src\main\AndroidManifest.xml:125:13-33
	android:name
		ADDED from src\main\AndroidManifest.xml:124:20-77
meta-data#com.samsung.android.sdk.multiwindow.multiinstance.enable
ADDED from src\main\AndroidManifest.xml:127:9-128:36
	android:value
		ADDED from src\main\AndroidManifest.xml:128:13-33
	android:name
		ADDED from src\main\AndroidManifest.xml:127:20-91
meta-data#com.samsung.android.sdk.multiwindow.multiinstance.launchmode
ADDED from src\main\AndroidManifest.xml:129:9-130:42
	android:value
		ADDED from src\main\AndroidManifest.xml:130:13-39
	android:name
		ADDED from src\main\AndroidManifest.xml:129:20-95
meta-data#com.samsung.android.sdk.multiwindow.penwindow.enable
ADDED from src\main\AndroidManifest.xml:132:9-133:35
	android:value
		ADDED from src\main\AndroidManifest.xml:133:13-33
	android:name
		ADDED from src\main\AndroidManifest.xml:132:20-87
meta-data#com.sec.android.support.multiwindow
ADDED from src\main\AndroidManifest.xml:136:9-94
	android:value
		ADDED from src\main\AndroidManifest.xml:136:71-91
	android:name
		ADDED from src\main\AndroidManifest.xml:136:20-70
meta-data#android.content.APP_RESTRICTIONS
ADDED from src\main\AndroidManifest.xml:137:9-138:55
	android:resource
		ADDED from src\main\AndroidManifest.xml:138:13-53
	android:name
		ADDED from src\main\AndroidManifest.xml:137:20-67
meta-data#com.google.ar.core
ADDED from src\main\AndroidManifest.xml:142:9-81
	android:value
		ADDED from src\main\AndroidManifest.xml:142:54-78
	android:name
		ADDED from src\main\AndroidManifest.xml:142:20-53
meta-data#com.google.ar.core.min_apk_version
ADDED from src\main\AndroidManifest.xml:146:9-147:40
	android:value
		ADDED from src\main\AndroidManifest.xml:147:13-38
	android:name
		ADDED from src\main\AndroidManifest.xml:146:20-69
meta-data#com.google.android.gms.cast.framework.OPTIONS_PROVIDER_CLASS_NAME
ADDED from src\main\AndroidManifest.xml:150:9-153:95
	android:value
		ADDED from src\main\AndroidManifest.xml:153:13-93
	android:name
		ADDED from src\main\AndroidManifest.xml:151:13-106
activity#org.chromium.chrome.browser.document.ChromeLauncherActivity
ADDED from src\main\AndroidManifest.xml:161:9-181:20
	android:relinquishTaskIdentity
		ADDED from src\main\AndroidManifest.xml:163:13-50
	android:excludeFromRecents
		ADDED from src\main\AndroidManifest.xml:165:13-46
	android:configChanges
		ADDED from src\main\AndroidManifest.xml:166:13-138
	android:theme
		ADDED from src\main\AndroidManifest.xml:162:13-49
	android:taskAffinity
		ADDED from src\main\AndroidManifest.xml:164:13-36
	android:name
		ADDED from src\main\AndroidManifest.xml:161:19-93
meta-data#com.google.android.vr.icon
ADDED from src\main\AndroidManifest.xml:171:13-172:73
	android:resource
		ADDED from src\main\AndroidManifest.xml:172:17-70
	android:name
		ADDED from src\main\AndroidManifest.xml:171:24-65
meta-data#com.google.android.vr.icon_background
ADDED from src\main\AndroidManifest.xml:173:13-174:73
	android:resource
		ADDED from src\main\AndroidManifest.xml:174:17-70
	android:name
		ADDED from src\main\AndroidManifest.xml:173:24-76
intent-filter#action:name:org.chromium.chrome.browser.dummy.action+category:name:com.google.intent.category.CARDBOARD+category:name:com.google.intent.category.DAYDREAM
ADDED from src\main\AndroidManifest.xml:175:25-179:29
action#org.chromium.chrome.browser.dummy.action
ADDED from src\main\AndroidManifest.xml:176:17-83
	android:name
		ADDED from src\main\AndroidManifest.xml:176:25-80
category#com.google.intent.category.DAYDREAM
ADDED from src\main\AndroidManifest.xml:177:17-80
	android:name
		ADDED from src\main\AndroidManifest.xml:177:27-77
category#com.google.intent.category.CARDBOARD
ADDED from src\main\AndroidManifest.xml:178:17-81
	android:name
		ADDED from src\main\AndroidManifest.xml:178:27-78
activity-alias#com.google.android.apps.chrome.IntentDispatcher
ADDED from src\main\AndroidManifest.xml:182:9-286:26
	android:exported
		ADDED from src\main\AndroidManifest.xml:184:13-36
	android:targetActivity
		ADDED from src\main\AndroidManifest.xml:183:13-97
	android:name
		ADDED from src\main\AndroidManifest.xml:182:25-87
intent-filter#action:name:android.intent.action.MAIN+category:name:android.intent.category.NOTIFICATION_PREFERENCES+category:name:com.google.intent.category.DAYDREAM
ADDED from src\main\AndroidManifest.xml:185:13-189:29
action#android.intent.action.MAIN
ADDED from src\main\AndroidManifest.xml:186:17-69
	android:name
		ADDED from src\main\AndroidManifest.xml:186:25-66
category#android.intent.category.NOTIFICATION_PREFERENCES
ADDED from src\main\AndroidManifest.xml:187:17-93
	android:name
		ADDED from src\main\AndroidManifest.xml:187:27-90
intent-filter#action:name:android.intent.action.VIEW+category:name:android.intent.category.BROWSABLE+category:name:android.intent.category.DEFAULT+category:name:com.google.intent.category.DAYDREAM+data:scheme:about+data:scheme:googlechrome+data:scheme:http+data:scheme:https+data:scheme:javascript
ADDED from src\main\AndroidManifest.xml:192:13-201:29
action#android.intent.action.VIEW
ADDED from src\main\AndroidManifest.xml:193:17-69
	android:name
		ADDED from src\main\AndroidManifest.xml:193:25-66
category#android.intent.category.DEFAULT
ADDED from src\main\AndroidManifest.xml:194:17-76
	android:name
		ADDED from src\main\AndroidManifest.xml:194:27-73
category#android.intent.category.BROWSABLE
ADDED from src\main\AndroidManifest.xml:195:17-78
	android:name
		ADDED from src\main\AndroidManifest.xml:195:27-75
data
ADDED from src\main\AndroidManifest.xml:197:1-39
	android:host
		ADDED from src\main\AndroidManifest.xml:241:23-39
	android:scheme
		ADDED from src\main\AndroidManifest.xml:197:7-36
	android:pathPattern
		ADDED from src\main\AndroidManifest.xml:242:23-56
	android:mimeType
		ADDED from src\main\AndroidManifest.xml:215:23-51
intent-filter#action:name:android.intent.action.VIEW+category:name:android.intent.category.BROWSABLE+category:name:android.intent.category.DEFAULT+category:name:com.google.intent.category.DAYDREAM+data:mimeType:application/xhtml+xml+data:mimeType:text/html+data:mimeType:text/plain+data:scheme:about+data:scheme:content+data:scheme:googlechrome+data:scheme:http+data:scheme:https+data:scheme:javascript
ADDED from src\main\AndroidManifest.xml:204:13-218:29
intent-filter#action:name:android.intent.action.VIEW+category:name:android.intent.category.DEFAULT+data:mimeType:multipart/related+data:scheme:content+data:scheme:file
ADDED from src\main\AndroidManifest.xml:220:13-226:29
intent-filter#action:name:android.intent.action.VIEW+category:name:android.intent.category.DEFAULT+data:mimeType:message/rfc822+data:scheme:content+data:scheme:file
ADDED from src\main\AndroidManifest.xml:227:13-233:29
intent-filter#action:name:android.intent.action.VIEW+category:name:android.intent.category.BROWSABLE+category:name:android.intent.category.DEFAULT+category:name:com.google.intent.category.DAYDREAM+data:host:*+data:pathPattern:/.*\\.mht+data:pathPattern:/.*\\.mhtml+data:scheme:content+data:scheme:file
ADDED from src\main\AndroidManifest.xml:234:13-244:29
intent-filter#action:name:android.intent.action.VIEW+category:name:android.intent.category.BROWSABLE+category:name:android.intent.category.DEFAULT+category:name:com.google.intent.category.DAYDREAM+data:host:*+data:mimeType:*/*+data:pathPattern:/.*\\.mht+data:pathPattern:/.*\\.mhtml+data:scheme:content+data:scheme:file
ADDED from src\main\AndroidManifest.xml:247:13-259:29
intent-filter#action:name:android.intent.action.MEDIA_SEARCH+category:name:android.intent.category.DEFAULT
ADDED from src\main\AndroidManifest.xml:260:13-263:29
action#android.intent.action.MEDIA_SEARCH
ADDED from src\main\AndroidManifest.xml:261:17-77
	android:name
		ADDED from src\main\AndroidManifest.xml:261:25-74
intent-filter#action:name:android.speech.action.VOICE_SEARCH_RESULTS+category:name:android.intent.category.DEFAULT
ADDED from src\main\AndroidManifest.xml:264:13-267:29
action#android.speech.action.VOICE_SEARCH_RESULTS
ADDED from src\main\AndroidManifest.xml:265:17-85
	android:name
		ADDED from src\main\AndroidManifest.xml:265:25-82
intent-filter#action:name:android.nfc.action.NDEF_DISCOVERED+category:name:android.intent.category.DEFAULT+data:scheme:http+data:scheme:https
ADDED from src\main\AndroidManifest.xml:268:13-273:29
action#android.nfc.action.NDEF_DISCOVERED
ADDED from src\main\AndroidManifest.xml:269:17-77
	android:name
		ADDED from src\main\AndroidManifest.xml:269:25-74
intent-filter#action:name:android.intent.action.SEARCH
ADDED from src\main\AndroidManifest.xml:274:13-276:29
action#android.intent.action.SEARCH
ADDED from src\main\AndroidManifest.xml:275:17-71
	android:name
		ADDED from src\main\AndroidManifest.xml:275:25-68
intent-filter#action:name:com.sec.android.airview.HOVER
ADDED from src\main\AndroidManifest.xml:277:13-279:29
action#com.sec.android.airview.HOVER
ADDED from src\main\AndroidManifest.xml:278:17-72
	android:name
		ADDED from src\main\AndroidManifest.xml:278:25-69
meta-data#android.app.searchable
ADDED from src\main\AndroidManifest.xml:280:13-281:54
	android:resource
		ADDED from src\main\AndroidManifest.xml:281:17-51
	android:name
		ADDED from src\main\AndroidManifest.xml:280:24-61
activity#org.chromium.chrome.browser.media.MediaLauncherActivity
ADDED from src\main\AndroidManifest.xml:288:9-301:20
	android:enabled
		ADDED from src\main\AndroidManifest.xml:292:13-36
	android:excludeFromRecents
		ADDED from src\main\AndroidManifest.xml:290:13-46
	android:exported
		ADDED from src\main\AndroidManifest.xml:291:13-36
	android:theme
		ADDED from src\main\AndroidManifest.xml:289:13-59
	android:name
		ADDED from src\main\AndroidManifest.xml:288:19-89
intent-filter#action:name:android.intent.action.VIEW+category:name:android.intent.category.DEFAULT+data:mimeType:audio/*+data:mimeType:image/*+data:mimeType:video/*
ADDED from src\main\AndroidManifest.xml:293:13-300:29
	tools:ignore
		ADDED from src\main\AndroidManifest.xml:293:28-58
activity#org.chromium.chrome.browser.LauncherShortcutActivity
ADDED from src\main\AndroidManifest.xml:303:9-307:40
	android:excludeFromRecents
		ADDED from src\main\AndroidManifest.xml:306:13-46
	android:exported
		ADDED from src\main\AndroidManifest.xml:307:13-37
	android:theme
		ADDED from src\main\AndroidManifest.xml:304:13-59
	android:taskAffinity
		ADDED from src\main\AndroidManifest.xml:305:13-36
	android:name
		ADDED from src\main\AndroidManifest.xml:303:19-86
activity#org.chromium.chrome.browser.upgrade.UpgradeActivity
ADDED from src\main\AndroidManifest.xml:310:9-320:20
	android:excludeFromRecents
		ADDED from src\main\AndroidManifest.xml:311:13-46
	android:launchMode
		ADDED from src\main\AndroidManifest.xml:315:13-48
	android:hardwareAccelerated
		ADDED from src\main\AndroidManifest.xml:319:13-48
	android:autoRemoveFromRecents
		ADDED from src\main\AndroidManifest.xml:317:13-50
	android:windowSoftInputMode
		ADDED from src\main\AndroidManifest.xml:313:13-55
	android:persistableMode
		ADDED from src\main\AndroidManifest.xml:316:13-51
	android:configChanges
		ADDED from src\main\AndroidManifest.xml:318:13-123
	android:theme
		ADDED from src\main\AndroidManifest.xml:312:13-45
	android:taskAffinity
		ADDED from src\main\AndroidManifest.xml:314:13-36
	android:name
		ADDED from src\main\AndroidManifest.xml:310:19-85
service#org.chromium.chrome.browser.upgrade.UpgradeIntentService
ADDED from src\main\AndroidManifest.xml:321:9-322:39
	android:exported
		ADDED from src\main\AndroidManifest.xml:322:13-37
	android:name
		ADDED from src\main\AndroidManifest.xml:321:18-89
receiver#org.chromium.chrome.browser.upgrade.PackageReplacedBroadcastReceiver
ADDED from src\main\AndroidManifest.xml:323:9-328:20
	android:exported
		ADDED from src\main\AndroidManifest.xml:324:13-37
	android:name
		ADDED from src\main\AndroidManifest.xml:323:19-102
intent-filter#action:name:android.intent.action.MY_PACKAGE_REPLACED
ADDED from src\main\AndroidManifest.xml:325:13-327:29
action#android.intent.action.MY_PACKAGE_REPLACED
ADDED from src\main\AndroidManifest.xml:326:17-84
	android:name
		ADDED from src\main\AndroidManifest.xml:326:25-81
receiver#org.chromium.chrome.browser.locale.LocaleChangedBroadcastReceiver
ADDED from src\main\AndroidManifest.xml:331:9-336:20
	android:exported
		ADDED from src\main\AndroidManifest.xml:332:13-37
	android:name
		ADDED from src\main\AndroidManifest.xml:331:19-99
intent-filter#action:name:android.intent.action.LOCALE_CHANGED
ADDED from src\main\AndroidManifest.xml:333:13-335:29
action#android.intent.action.LOCALE_CHANGED
ADDED from src\main\AndroidManifest.xml:334:17-79
	android:name
		ADDED from src\main\AndroidManifest.xml:334:25-76
activity#org.chromium.chrome.browser.document.DocumentActivity
ADDED from src\main\AndroidManifest.xml:339:9-350:20
	android:hardwareAccelerated
		ADDED from src\main\AndroidManifest.xml:347:13-48
	android:autoRemoveFromRecents
		ADDED from src\main\AndroidManifest.xml:344:13-50
	android:windowSoftInputMode
		ADDED from src\main\AndroidManifest.xml:345:25-67
	android:exported
		ADDED from src\main\AndroidManifest.xml:340:13-37
	android:persistableMode
		ADDED from src\main\AndroidManifest.xml:343:13-59
	android:configChanges
		ADDED from src\main\AndroidManifest.xml:346:13-138
	android:theme
		ADDED from src\main\AndroidManifest.xml:341:13-45
	android:taskAffinity
		ADDED from src\main\AndroidManifest.xml:342:13-36
	android:name
		ADDED from src\main\AndroidManifest.xml:339:19-87
activity-alias#com.google.android.apps.chrome.document.DocumentActivity
ADDED from src\main\AndroidManifest.xml:351:9-353:39
	android:exported
		ADDED from src\main\AndroidManifest.xml:353:13-37
	android:targetActivity
		ADDED from src\main\AndroidManifest.xml:352:13-91
	android:name
		ADDED from src\main\AndroidManifest.xml:351:25-96
activity#org.chromium.chrome.browser.document.IncognitoDocumentActivity
ADDED from src\main\AndroidManifest.xml:354:9-366:20
	android:hardwareAccelerated
		ADDED from src\main\AndroidManifest.xml:363:13-48
	android:autoRemoveFromRecents
		ADDED from src\main\AndroidManifest.xml:360:13-50
	android:windowSoftInputMode
		ADDED from src\main\AndroidManifest.xml:361:25-67
	android:exported